//-------------------------- 9/12/2020 -- 11:30:46 -----
Processor Init:
   Intel (unknown, Pentium Pro/II/III family), ~2.00 Ghz
     (timed at roughly 1.98 Ghz)
   FPU detected
   MMX detected
   SSE detected
 
Math Init:
   Installing Standard C extensions
   Installing Assembly extensions
   Installing FPU extensions
   Installing MMX extensions
   Installing SSE extensions
 
Input Init:
   DirectInput enabled.

Initializing chunk mappings...
   o 'TEXT' maps to TextChunk
   o 'SCHK' maps to UnknownChunk
   o 'SCHK' maps to SimChunk
Loading compiled script G:/FunCode/Games/Zombie/Bin/common/main.cs.
Loading compiled script G:/FunCode/Games/Zombie/Bin/game/main.cs.
 % - Initializing Common
Loading compiled script G:/FunCode/Games/Zombie/Bin/common/preferences/defaultPrefs.cs.
Reading Display Device information...
   Primary Display Device Found:
      Vendor Id: VEN_0000
      Device Id: DEV_0000

Using OpenGL rendering. Fullscreen: 0

Loading compiled script G:/FunCode/Games/Zombie/Bin/common/gameScripts/xml.cs.
Loading compiled script G:/FunCode/Games/Zombie/Bin/common/gameScripts/properties.cs.
Loading compiled script G:/FunCode/Games/Zombie/Bin/common/gameScripts/common.cs.
Loading compiled script G:/FunCode/Games/Zombie/Bin/common/gameScripts/audio.cs.
Loading compiled script G:/FunCode/Games/Zombie/Bin/common/gameScripts/canvas.cs.
Loading compiled script G:/FunCode/Games/Zombie/Bin/common/gameScripts/cursor.cs.
Video Init:
   Accelerated OpenGL display device detected.
   Accelerated D3D device not detected.
   Voodoo 2 display device not detected.

Activating the OpenGL display device...
Activating the OpenGL display device...
Setting screen mode to 320x320x32 (w)...
Creating a new window...
Acquiring a new device context...
Pixel format set:
  32 color bits, 24 depth bits, 8 stencil bits
Creating a new rendering context...
Making the new rendering context current...
OpenGL driver information:
  Vendor: ATI Technologies Inc.
  Renderer: Radeon 500 Series
  Version: 4.6.13587 Compatibility Profile Context 20.4.2 26.20.15029.27017
OpenGL Init: Enabled Extensions
  ARB_multitexture (Max Texture Units: 8)
  EXT_blend_color
  EXT_blend_minmax
  EXT_compiled_vertex_array
  EXT_texture_env_combine
  EXT_packed_pixels
  EXT_fog_coord
  ARB_texture_compression
  EXT_texture_compression_s3tc
  (ARB|EXT)_texture_env_add
  EXT_texture_filter_anisotropic (Max anisotropy: 16)
  WGL_EXT_swap_control
OpenGL Init: Disabled Extensions
  EXT_paletted_texture
  NV_vertex_array_range
  3DFX_texture_compression_FXT1

Max Texture Size reported as: 16384
Setting screen mode to 800x600x32 (w)...
OpenAL Driver Init:
   Vendor: Creative Labs Inc.
   Version: OpenAL 1.0
   Renderer: Software
   Extensions: EAX 2.0, EAX 3.0, EAX Unified, and EAX-AC3

Loading compiled script G:/FunCode/Games/Zombie/Bin/common/gui/profiles.cs.
Loading compiled script G:/FunCode/Games/Zombie/Bin/common/gui/cursors.cs.
Loading compiled script G:/FunCode/Games/Zombie/Bin/common/gui/messageBoxOk.gui.
Loading compiled script G:/FunCode/Games/Zombie/Bin/common/gui/messageBoxYesNo.gui.
Loading compiled script G:/FunCode/Games/Zombie/Bin/common/gui/messageBoxYesNoCancel.gui.
Loading compiled script G:/FunCode/Games/Zombie/Bin/common/gui/messageBoxOKCancel.gui.
Loading compiled script G:/FunCode/Games/Zombie/Bin/common/gui/messageBoxOKCancelDetailsDlg.gui.
Loading compiled script G:/FunCode/Games/Zombie/Bin/common/gui/messagePopup.gui.
Loading compiled script G:/FunCode/Games/Zombie/Bin/common/gui/options.gui.
Loading compiled script G:/FunCode/Games/Zombie/Bin/common/gui/remap.gui.
Loading compiled script G:/FunCode/Games/Zombie/Bin/common/gui/console.gui.
Loading compiled script G:/FunCode/Games/Zombie/Bin/common/gui/NetworkMenu.gui.
Loading compiled script G:/FunCode/Games/Zombie/Bin/common/gui/startServer.gui.
Loading compiled script G:/FunCode/Games/Zombie/Bin/common/gui/joinServer.gui.
Loading compiled script G:/FunCode/Games/Zombie/Bin/common/gui/waitingForServer.gui.
Loading compiled script G:/FunCode/Games/Zombie/Bin/common/gui/helpDlg.gui.
Loading compiled script G:/FunCode/Games/Zombie/Bin/common/gui/messageBox.cs.
Loading compiled script G:/FunCode/Games/Zombie/Bin/common/gui/help.cs.
Loading compiled script G:/FunCode/Games/Zombie/Bin/common/gui/chatGui.gui.
Loading compiled script G:/FunCode/Games/Zombie/Bin/common/gameScripts/screenshot.cs.
Loading compiled script G:/FunCode/Games/Zombie/Bin/common/gameScripts/metrics.cs.
Loading compiled script G:/FunCode/Games/Zombie/Bin/common/Gui/FrameOverlayGui.gui.
Loading compiled script G:/FunCode/Games/Zombie/Bin/common/gameScripts/scriptDoc.cs.
Loading compiled script G:/FunCode/Games/Zombie/Bin/common/gameScripts/keybindings.cs.
Loading compiled script G:/FunCode/Games/Zombie/Bin/common/gameScripts/options.cs.
Loading compiled script G:/FunCode/Games/Zombie/Bin/common/gameScripts/levelManagement.cs.
Loading compiled script G:/FunCode/Games/Zombie/Bin/common/gameScripts/projectManagement.cs.
Loading compiled script G:/FunCode/Games/Zombie/Bin/common/gameScripts/projectResources.cs.
Loading compiled script G:/FunCode/Games/Zombie/Bin/common/gameScripts/align.cs.

FunCode (v1.7.5) initialized...
Loading compiled script G:/FunCode/Games/Zombie/Bin/game/managed/datablocks.cs.
Loading compiled script G:/FunCode/Games/Zombie/Bin/game/managed/persistent.cs.
Loading compiled script G:/FunCode/Games/Zombie/Bin/game/managed/brushes.cs.
Loading compiled script G:/FunCode/Games/Zombie/Bin/game/gui/mainScreen.gui.
Loading compiled script G:/FunCode/Games/Zombie/Bin/game/gameScripts/game.cs.
Activating DirectInput...
DirectInput joystick failed to enable!
Compiling G:/FunCode/Games/Zombie/Bin/game/data/levels/baseView.t2d...
Loading compiled script G:/FunCode/Games/Zombie/Bin/game/data/levels/baseView.t2d.
Compiling G:/FunCode/Games/Zombie/Bin/game/data/levels/start.t2d...
Loading compiled script G:/FunCode/Games/Zombie/Bin/game/data/levels/start.t2d.
DirectInput deactivated.
Activating DirectInput...
Compiling G:/FunCode/Games/Zombie/Bin/game/data/levels/info.t2d...
Loading compiled script G:/FunCode/Games/Zombie/Bin/game/data/levels/info.t2d.
Compiling G:/FunCode/Games/Zombie/Bin/game/data/levels/start.t2d...
Loading compiled script G:/FunCode/Games/Zombie/Bin/game/data/levels/start.t2d.
Compiling G:/FunCode/Games/Zombie/Bin/game/data/levels/baseView.t2d...
Loading compiled script G:/FunCode/Games/Zombie/Bin/game/data/levels/baseView.t2d.
t2dSceneGraph::addToScene() - Object '1481' is already in a SceneGraph!.
t2dSceneGraph::addToScene() - Object '1482' is already in a SceneGraph!.
t2dSceneGraph::addToScene() - Object '1483' is already in a SceneGraph!.
t2dSceneGraph::addToScene() - Object '1484' is already in a SceneGraph!.
t2dSceneGraph::addToScene() - Object '1485' is already in a SceneGraph!.
t2dSceneGraph::addToScene() - Object '1486' is already in a SceneGraph!.
t2dSceneGraph::addToScene() - Object '1487' is already in a SceneGraph!.
t2dSceneGraph::addToScene() - Object '1488' is already in a SceneGraph!.
t2dSceneGraph::addToScene() - Object '1489' is already in a SceneGraph!.
t2dSceneGraph::addToScene() - Object '1490' is already in a SceneGraph!.
t2dSceneGraph::addToScene() - Object '1491' is already in a SceneGraph!.
t2dSceneGraph::addToScene() - Object '1492' is already in a SceneGraph!.
t2dSceneGraph::addToScene() - Object '1493' is already in a SceneGraph!.
t2dSceneGraph::addToScene() - Object '1494' is already in a SceneGraph!.
t2dSceneGraph::addToScene() - Object '1495' is already in a SceneGraph!.
t2dSceneGraph::addToScene() - Object '1496' is already in a SceneGraph!.
t2dSceneGraph::addToScene() - Object '1497' is already in a SceneGraph!.
t2dSceneGraph::addToScene() - Object '1498' is already in a SceneGraph!.
t2dSceneGraph::addToScene() - Object '1499' is already in a SceneGraph!.
t2dSceneGraph::addToScene() - Object '1500' is already in a SceneGraph!.
t2dSceneGraph::addToScene() - Object '1501' is already in a SceneGraph!.
t2dSceneGraph::addToScene() - Object '1502' is already in a SceneGraph!.
t2dSceneGraph::addToScene() - Object '1503' is already in a SceneGraph!.
t2dSceneGraph::addToScene() - Object '1504' is already in a SceneGraph!.
t2dSceneGraph::addToScene() - Object '1505' is already in a SceneGraph!.
t2dSceneGraph::addToScene() - Object '1506' is already in a SceneGraph!.
t2dSceneGraph::addToScene() - Object '1507' is already in a SceneGraph!.
t2dSceneGraph::addToScene() - Object '1508' is already in a SceneGraph!.
t2dSceneGraph::addToScene() - Object '1509' is already in a SceneGraph!.
t2dSceneGraph::addToScene() - Object '1510' is already in a SceneGraph!.
t2dSceneGraph::addToScene() - Object '1511' is already in a SceneGraph!.
t2dSceneGraph::addToScene() - Object '1512' is already in a SceneGraph!.
t2dSceneGraph::addToScene() - Object '1513' is already in a SceneGraph!.
t2dSceneGraph::addToScene() - Object '1514' is already in a SceneGraph!.
t2dSceneGraph::addToScene() - Object '1515' is already in a SceneGraph!.
t2dSceneGraph::addToScene() - Object '1516' is already in a SceneGraph!.
t2dSceneGraph::addToScene() - Object '1517' is already in a SceneGraph!.
t2dSceneGraph::addToScene() - Object '1518' is already in a SceneGraph!.
t2dSceneGraph::addToScene() - Object '1519' is already in a SceneGraph!.
t2dSceneGraph::addToScene() - Object '1520' is already in a SceneGraph!.
t2dSceneGraph::addToScene() - Object '1521' is already in a SceneGraph!.
t2dSceneGraph::addToScene() - Object '1522' is already in a SceneGraph!.
t2dSceneGraph::addToScene() - Object '1523' is already in a SceneGraph!.
t2dSceneGraph::addToScene() - Object '1524' is already in a SceneGraph!.
t2dSceneGraph::addToScene() - Object '1525' is already in a SceneGraph!.
t2dSceneGraph::addToScene() - Object '1526' is already in a SceneGraph!.
t2dSceneGraph::addToScene() - Object '1527' is already in a SceneGraph!.
t2dSceneGraph::addToScene() - Object '1528' is already in a SceneGraph!.
t2dSceneGraph::addToScene() - Object '1529' is already in a SceneGraph!.
t2dSceneGraph::addToScene() - Object '1530' is already in a SceneGraph!.
t2dSceneGraph::addToScene() - Object '1531' is already in a SceneGraph!.
t2dSceneGraph::addToScene() - Object '1532' is already in a SceneGraph!.
t2dSceneGraph::addToScene() - Object '1533' is already in a SceneGraph!.
t2dSceneGraph::addToScene() - Object '1534' is already in a SceneGraph!.
t2dSceneGraph::addToScene() - Object '1535' is already in a SceneGraph!.
t2dSceneGraph::addToScene() - Object '1536' is already in a SceneGraph!.
t2dSceneGraph::addToScene() - Object '1537' is already in a SceneGraph!.
t2dSceneGraph::addToScene() - Object '1538' is already in a SceneGraph!.
t2dSceneGraph::addToScene() - Object '1539' is already in a SceneGraph!.
t2dSceneGraph::addToScene() - Object '1540' is already in a SceneGraph!.
t2dSceneGraph::addToScene() - Object '1541' is already in a SceneGraph!.
t2dSceneGraph::addToScene() - Object '1542' is already in a SceneGraph!.
t2dSceneGraph::addToScene() - Object '1543' is already in a SceneGraph!.
t2dSceneGraph::addToScene() - Object '1544' is already in a SceneGraph!.
t2dSceneGraph::addToScene() - Object '1545' is already in a SceneGraph!.
t2dSceneGraph::addToScene() - Object '1546' is already in a SceneGraph!.
t2dSceneGraph::addToScene() - Object '1547' is already in a SceneGraph!.
t2dSceneGraph::addToScene() - Object '1548' is already in a SceneGraph!.
t2dSceneGraph::addToScene() - Object '1549' is already in a SceneGraph!.
t2dSceneGraph::addToScene() - Object '1550' is already in a SceneGraph!.
t2dSceneGraph::addToScene() - Object '1551' is already in a SceneGraph!.
t2dSceneGraph::addToScene() - Object '1552' is already in a SceneGraph!.
t2dSceneGraph::addToScene() - Object '1553' is already in a SceneGraph!.
t2dSceneGraph::addToScene() - Object '1554' is already in a SceneGraph!.
t2dSceneGraph::addToScene() - Object '1555' is already in a SceneGraph!.
t2dSceneGraph::addToScene() - Object '1556' is already in a SceneGraph!.
t2dSceneGraph::addToScene() - Object '1557' is already in a SceneGraph!.
t2dSceneGraph::addToScene() - Object '1558' is already in a SceneGraph!.
t2dSceneGraph::addToScene() - Object '1559' is already in a SceneGraph!.
t2dSceneGraph::addToScene() - Object '1560' is already in a SceneGraph!.
t2dSceneGraph::addToScene() - Object '1561' is already in a SceneGraph!.
t2dSceneGraph::addToScene() - Object '1562' is already in a SceneGraph!.
t2dSceneGraph::addToScene() - Object '1563' is already in a SceneGraph!.
t2dSceneGraph::addToScene() - Object '1564' is already in a SceneGraph!.
t2dSceneGraph::addToScene() - Object '1565' is already in a SceneGraph!.
t2dSceneGraph::addToScene() - Object '1566' is already in a SceneGraph!.
t2dSceneGraph::addToScene() - Object '1567' is already in a SceneGraph!.
t2dSceneGraph::addToScene() - Object '1568' is already in a SceneGraph!.
t2dSceneGraph::addToScene() - Object '1569' is already in a SceneGraph!.
t2dSceneGraph::addToScene() - Object '1570' is already in a SceneGraph!.
t2dSceneGraph::addToScene() - Object '1571' is already in a SceneGraph!.
t2dSceneGraph::addToScene() - Object '1572' is already in a SceneGraph!.
t2dSceneGraph::addToScene() - Object '1573' is already in a SceneGraph!.
t2dSceneGraph::addToScene() - Object '1574' is already in a SceneGraph!.
t2dSceneGraph::addToScene() - Object '1575' is already in a SceneGraph!.
t2dSceneGraph::addToScene() - Object '1576' is already in a SceneGraph!.
t2dSceneGraph::addToScene() - Object '1577' is already in a SceneGraph!.
t2dSceneGraph::addToScene() - Object '1578' is already in a SceneGraph!.
t2dSceneGraph::addToScene() - Object '1579' is already in a SceneGraph!.
t2dSceneGraph::addToScene() - Object '1580' is already in a SceneGraph!.
t2dSceneGraph::addToScene() - Object '1581' is already in a SceneGraph!.
t2dSceneGraph::addToScene() - Object '1582' is already in a SceneGraph!.
t2dSceneGraph::addToScene() - Object '1583' is already in a SceneGraph!.
t2dSceneGraph::addToScene() - Object '1584' is already in a SceneGraph!.
t2dSceneGraph::addToScene() - Object '1585' is already in a SceneGraph!.
t2dSceneGraph::addToScene() - Object '1586' is already in a SceneGraph!.
t2dSceneGraph::addToScene() - Object '1587' is already in a SceneGraph!.
t2dSceneGraph::addToScene() - Object '1588' is already in a SceneGraph!.
t2dSceneGraph::addToScene() - Object '1589' is already in a SceneGraph!.
t2dSceneGraph::addToScene() - Object '1590' is already in a SceneGraph!.
t2dSceneGraph::addToScene() - Object '1591' is already in a SceneGraph!.
t2dSceneGraph::addToScene() - Object '1592' is already in a SceneGraph!.
t2dSceneGraph::addToScene() - Object '1593' is already in a SceneGraph!.
t2dSceneGraph::addToScene() - Object '1594' is already in a SceneGraph!.
t2dSceneGraph::addToScene() - Object '1595' is already in a SceneGraph!.
t2dSceneGraph::addToScene() - Object '1596' is already in a SceneGraph!.
t2dSceneGraph::addToScene() - Object '1597' is already in a SceneGraph!.
t2dSceneGraph::addToScene() - Object '1598' is already in a SceneGraph!.
t2dSceneGraph::addToScene() - Object '1599' is already in a SceneGraph!.
t2dSceneGraph::addToScene() - Object '1600' is already in a SceneGraph!.
t2dSceneGraph::addToScene() - Object '1601' is already in a SceneGraph!.
t2dSceneGraph::addToScene() - Object '1602' is already in a SceneGraph!.
t2dSceneGraph::addToScene() - Object '1603' is already in a SceneGraph!.
t2dSceneGraph::addToScene() - Object '1604' is already in a SceneGraph!.
t2dSceneGraph::addToScene() - Object '1605' is already in a SceneGraph!.
t2dSceneGraph::addToScene() - Object '1606' is already in a SceneGraph!.
t2dSceneGraph::addToScene() - Object '1607' is already in a SceneGraph!.
t2dSceneGraph::addToScene() - Object '1608' is already in a SceneGraph!.
t2dSceneGraph::addToScene() - Object '1609' is already in a SceneGraph!.
t2dSceneGraph::addToScene() - Object '1610' is already in a SceneGraph!.
t2dSceneGraph::addToScene() - Object '1611' is already in a SceneGraph!.
t2dSceneGraph::addToScene() - Object '1612' is already in a SceneGraph!.
t2dSceneGraph::addToScene() - Object '1613' is already in a SceneGraph!.
t2dSceneGraph::addToScene() - Object '1614' is already in a SceneGraph!.
t2dSceneGraph::addToScene() - Object '1615' is already in a SceneGraph!.
t2dSceneGraph::addToScene() - Object '1616' is already in a SceneGraph!.
t2dSceneGraph::addToScene() - Object '1617' is already in a SceneGraph!.
t2dSceneGraph::addToScene() - Object '1618' is already in a SceneGraph!.
t2dSceneGraph::addToScene() - Object '1619' is already in a SceneGraph!.
t2dSceneGraph::addToScene() - Object '1620' is already in a SceneGraph!.
t2dSceneGraph::addToScene() - Object '1621' is already in a SceneGraph!.
t2dSceneGraph::addToScene() - Object '1622' is already in a SceneGraph!.
t2dSceneGraph::addToScene() - Object '1623' is already in a SceneGraph!.
t2dSceneGraph::addToScene() - Object '1624' is already in a SceneGraph!.
t2dSceneGraph::addToScene() - Object '1625' is already in a SceneGraph!.
t2dSceneGraph::addToScene() - Object '1626' is already in a SceneGraph!.
t2dSceneGraph::addToScene() - Object '1627' is already in a SceneGraph!.
t2dSceneGraph::addToScene() - Object '1628' is already in a SceneGraph!.
t2dSceneGraph::addToScene() - Object '1629' is already in a SceneGraph!.
t2dSceneGraph::addToScene() - Object '1630' is already in a SceneGraph!.
t2dSceneGraph::addToScene() - Object '1631' is already in a SceneGraph!.
t2dSceneGraph::addToScene() - Object '1632' is already in a SceneGraph!.
t2dSceneGraph::addToScene() - Object '1633' is already in a SceneGraph!.
t2dSceneGraph::addToScene() - Object '1634' is already in a SceneGraph!.
t2dSceneGraph::addToScene() - Object '1635' is already in a SceneGraph!.
t2dSceneGraph::addToScene() - Object '1636' is already in a SceneGraph!.
t2dSceneGraph::addToScene() - Object '1637' is already in a SceneGraph!.
t2dSceneGraph::addToScene() - Object '1638' is already in a SceneGraph!.
t2dSceneGraph::addToScene() - Object '1639' is already in a SceneGraph!.
t2dSceneGraph::addToScene() - Object '1640' is already in a SceneGraph!.
t2dSceneGraph::addToScene() - Object '1641' is already in a SceneGraph!.
t2dSceneGraph::addToScene() - Object '1642' is already in a SceneGraph!.
t2dSceneGraph::addToScene() - Object '1643' is already in a SceneGraph!.
t2dSceneGraph::addToScene() - Object '1644' is already in a SceneGraph!.
t2dSceneGraph::addToScene() - Object '1645' is already in a SceneGraph!.
t2dSceneGraph::addToScene() - Object '1646' is already in a SceneGraph!.
t2dSceneGraph::addToScene() - Object '1647' is already in a SceneGraph!.
t2dSceneGraph::addToScene() - Object '1648' is already in a SceneGraph!.
t2dSceneGraph::addToScene() - Object '1649' is already in a SceneGraph!.
t2dSceneGraph::addToScene() - Object '1650' is already in a SceneGraph!.
t2dSceneGraph::addToScene() - Object '1651' is already in a SceneGraph!.
t2dSceneGraph::addToScene() - Object '1652' is already in a SceneGraph!.
t2dSceneGraph::addToScene() - Object '1653' is already in a SceneGraph!.
t2dSceneGraph::addToScene() - Object '1654' is already in a SceneGraph!.
t2dSceneGraph::addToScene() - Object '1655' is already in a SceneGraph!.
t2dSceneGraph::addToScene() - Object '1656' is already in a SceneGraph!.
t2dSceneGraph::addToScene() - Object '1657' is already in a SceneGraph!.
t2dSceneGraph::addToScene() - Object '1658' is already in a SceneGraph!.
t2dSceneGraph::addToScene() - Object '1659' is already in a SceneGraph!.
t2dSceneGraph::addToScene() - Object '1660' is already in a SceneGraph!.
t2dSceneGraph::addToScene() - Object '1661' is already in a SceneGraph!.
t2dSceneGraph::addToScene() - Object '1662' is already in a SceneGraph!.
t2dSceneGraph::addToScene() - Object '1663' is already in a SceneGraph!.
t2dSceneGraph::addToScene() - Object '1664' is already in a SceneGraph!.
t2dSceneGraph::addToScene() - Object '1665' is already in a SceneGraph!.
t2dSceneGraph::addToScene() - Object '1666' is already in a SceneGraph!.
t2dSceneGraph::addToScene() - Object '1667' is already in a SceneGraph!.
t2dSceneGraph::addToScene() - Object '1668' is already in a SceneGraph!.
t2dSceneGraph::addToScene() - Object '1669' is already in a SceneGraph!.
t2dSceneGraph::addToScene() - Object '1670' is already in a SceneGraph!.
t2dSceneGraph::addToScene() - Object '1671' is already in a SceneGraph!.
t2dSceneGraph::addToScene() - Object '1672' is already in a SceneGraph!.
t2dSceneGraph::addToScene() - Object '1673' is already in a SceneGraph!.
t2dSceneGraph::addToScene() - Object '1674' is already in a SceneGraph!.
t2dSceneGraph::addToScene() - Object '1675' is already in a SceneGraph!.
t2dSceneGraph::addToScene() - Object '1676' is already in a SceneGraph!.
t2dSceneGraph::addToScene() - Object '1677' is already in a SceneGraph!.
t2dSceneGraph::addToScene() - Object '1678' is already in a SceneGraph!.
t2dSceneGraph::addToScene() - Object '1679' is already in a SceneGraph!.
t2dSceneGraph::addToScene() - Object '1680' is already in a SceneGraph!.
t2dSceneGraph::addToScene() - Object '1681' is already in a SceneGraph!.
t2dSceneGraph::addToScene() - Object '1682' is already in a SceneGraph!.
t2dSceneGraph::addToScene() - Object '1683' is already in a SceneGraph!.
t2dSceneGraph::addToScene() - Object '1684' is already in a SceneGraph!.
t2dSceneGraph::addToScene() - Object '1685' is already in a SceneGraph!.
t2dSceneGraph::addToScene() - Object '1686' is already in a SceneGraph!.
t2dSceneGraph::addToScene() - Object '1687' is already in a SceneGraph!.
t2dSceneGraph::addToScene() - Object '1688' is already in a SceneGraph!.
t2dSceneGraph::addToScene() - Object '1689' is already in a SceneGraph!.
t2dSceneGraph::addToScene() - Object '1690' is already in a SceneGraph!.
t2dSceneGraph::addToScene() - Object '1691' is already in a SceneGraph!.
t2dSceneGraph::addToScene() - Object '1692' is already in a SceneGraph!.
t2dSceneGraph::addToScene() - Object '1693' is already in a SceneGraph!.
t2dSceneGraph::addToScene() - Object '1694' is already in a SceneGraph!.
t2dSceneGraph::addToScene() - Object '1695' is already in a SceneGraph!.
t2dSceneGraph::addToScene() - Object '1696' is already in a SceneGraph!.
t2dSceneGraph::addToScene() - Object '1697' is already in a SceneGraph!.
t2dSceneGraph::addToScene() - Object '1698' is already in a SceneGraph!.
t2dSceneGraph::addToScene() - Object '1699' is already in a SceneGraph!.
t2dSceneGraph::addToScene() - Object '1700' is already in a SceneGraph!.
t2dSceneGraph::addToScene() - Object '1701' is already in a SceneGraph!.
t2dSceneGraph::addToScene() - Object '1702' is already in a SceneGraph!.
t2dSceneGraph::addToScene() - Object '1703' is already in a SceneGraph!.
t2dSceneGraph::addToScene() - Object '1704' is already in a SceneGraph!.
t2dSceneGraph::addToScene() - Object '1705' is already in a SceneGraph!.
t2dSceneGraph::addToScene() - Object '1706' is already in a SceneGraph!.
t2dSceneGraph::addToScene() - Object '1707' is already in a SceneGraph!.
t2dSceneGraph::addToScene() - Object '1708' is already in a SceneGraph!.
t2dSceneGraph::addToScene() - Object '1709' is already in a SceneGraph!.
t2dSceneGraph::addToScene() - Object '1710' is already in a SceneGraph!.
t2dSceneGraph::addToScene() - Object '1711' is already in a SceneGraph!.
t2dSceneGraph::addToScene() - Object '1712' is already in a SceneGraph!.
t2dSceneGraph::addToScene() - Object '1713' is already in a SceneGraph!.
t2dSceneGraph::addToScene() - Object '1714' is already in a SceneGraph!.
t2dSceneGraph::addToScene() - Object '1715' is already in a SceneGraph!.
t2dSceneGraph::addToScene() - Object '1716' is already in a SceneGraph!.
t2dSceneGraph::addToScene() - Object '1717' is already in a SceneGraph!.
t2dSceneGraph::addToScene() - Object '1718' is already in a SceneGraph!.
t2dSceneGraph::addToScene() - Object '1719' is already in a SceneGraph!.
t2dSceneGraph::addToScene() - Object '1720' is already in a SceneGraph!.
t2dSceneGraph::addToScene() - Object '1721' is already in a SceneGraph!.
t2dSceneGraph::addToScene() - Object '1722' is already in a SceneGraph!.
t2dSceneGraph::addToScene() - Object '1723' is already in a SceneGraph!.
t2dSceneGraph::addToScene() - Object '1724' is already in a SceneGraph!.
t2dSceneGraph::addToScene() - Object '1725' is already in a SceneGraph!.
t2dSceneGraph::addToScene() - Object '1726' is already in a SceneGraph!.
t2dSceneGraph::addToScene() - Object '1727' is already in a SceneGraph!.
t2dSceneGraph::addToScene() - Object '1728' is already in a SceneGraph!.
t2dSceneGraph::addToScene() - Object '1729' is already in a SceneGraph!.
t2dSceneGraph::addToScene() - Object '1730' is already in a SceneGraph!.
t2dSceneGraph::addToScene() - Object '1731' is already in a SceneGraph!.
t2dSceneGraph::addToScene() - Object '1732' is already in a SceneGraph!.
t2dSceneGraph::addToScene() - Object '1733' is already in a SceneGraph!.
t2dSceneGraph::addToScene() - Object '1734' is already in a SceneGraph!.
t2dSceneGraph::addToScene() - Object '1735' is already in a SceneGraph!.
t2dSceneGraph::addToScene() - Object '1736' is already in a SceneGraph!.
t2dSceneGraph::addToScene() - Object '1737' is already in a SceneGraph!.
t2dSceneGraph::addToScene() - Object '1738' is already in a SceneGraph!.
t2dSceneGraph::addToScene() - Object '1739' is already in a SceneGraph!.
t2dSceneGraph::addToScene() - Object '1740' is already in a SceneGraph!.
t2dSceneGraph::addToScene() - Object '1741' is already in a SceneGraph!.
t2dSceneGraph::addToScene() - Object '1742' is already in a SceneGraph!.
t2dSceneGraph::addToScene() - Object '1743' is already in a SceneGraph!.
t2dSceneGraph::addToScene() - Object '1744' is already in a SceneGraph!.
t2dSceneGraph::addToScene() - Object '1745' is already in a SceneGraph!.
t2dSceneGraph::addToScene() - Object '1746' is already in a SceneGraph!.
t2dSceneGraph::addToScene() - Object '1747' is already in a SceneGraph!.
t2dSceneGraph::addToScene() - Object '1748' is already in a SceneGraph!.
t2dSceneGraph::addToScene() - Object '1749' is already in a SceneGraph!.
t2dSceneGraph::addToScene() - Object '1750' is already in a SceneGraph!.
t2dSceneGraph::addToScene() - Object '1751' is already in a SceneGraph!.
t2dSceneGraph::addToScene() - Object '1752' is already in a SceneGraph!.
t2dSceneGraph::addToScene() - Object '1753' is already in a SceneGraph!.
t2dSceneGraph::addToScene() - Object '1754' is already in a SceneGraph!.
t2dSceneGraph::addToScene() - Object '1755' is already in a SceneGraph!.
t2dSceneGraph::addToScene() - Object '1756' is already in a SceneGraph!.
t2dSceneGraph::addToScene() - Object '1757' is already in a SceneGraph!.
t2dSceneGraph::addToScene() - Object '1758' is already in a SceneGraph!.
t2dSceneGraph::addToScene() - Object '1759' is already in a SceneGraph!.
t2dSceneGraph::addToScene() - Object '1760' is already in a SceneGraph!.
t2dSceneGraph::addToScene() - Object '1761' is already in a SceneGraph!.
t2dSceneGraph::addToScene() - Object '1762' is already in a SceneGraph!.
t2dSceneGraph::addToScene() - Object '1763' is already in a SceneGraph!.
t2dSceneGraph::addToScene() - Object '1764' is already in a SceneGraph!.
t2dSceneGraph::addToScene() - Object '1765' is already in a SceneGraph!.
t2dSceneGraph::addToScene() - Object '1766' is already in a SceneGraph!.
t2dSceneGraph::addToScene() - Object '1767' is already in a SceneGraph!.
t2dSceneGraph::addToScene() - Object '1768' is already in a SceneGraph!.
t2dSceneGraph::addToScene() - Object '1769' is already in a SceneGraph!.
t2dSceneGraph::addToScene() - Object '1770' is already in a SceneGraph!.
t2dSceneGraph::addToScene() - Object '1771' is already in a SceneGraph!.
t2dSceneGraph::addToScene() - Object '1772' is already in a SceneGraph!.
t2dSceneGraph::addToScene() - Object '1773' is already in a SceneGraph!.
t2dSceneGraph::addToScene() - Object '1774' is already in a SceneGraph!.
t2dSceneGraph::addToScene() - Object '1775' is already in a SceneGraph!.
t2dSceneGraph::addToScene() - Object '1776' is already in a SceneGraph!.
t2dSceneGraph::addToScene() - Object '1777' is already in a SceneGraph!.
t2dSceneGraph::addToScene() - Object '1778' is already in a SceneGraph!.
t2dSceneGraph::addToScene() - Object '1779' is already in a SceneGraph!.
t2dSceneGraph::addToScene() - Object '1780' is already in a SceneGraph!.
t2dSceneGraph::addToScene() - Object '1781' is already in a SceneGraph!.
t2dSceneGraph::addToScene() - Object '1782' is already in a SceneGraph!.
t2dSceneGraph::addToScene() - Object '1783' is already in a SceneGraph!.
t2dSceneGraph::addToScene() - Object '1784' is already in a SceneGraph!.
t2dSceneGraph::addToScene() - Object '1785' is already in a SceneGraph!.
t2dSceneGraph::addToScene() - Object '1786' is already in a SceneGraph!.
t2dSceneGraph::addToScene() - Object '1787' is already in a SceneGraph!.
t2dSceneGraph::addToScene() - Object '1788' is already in a SceneGraph!.
t2dSceneGraph::addToScene() - Object '1789' is already in a SceneGraph!.
t2dSceneGraph::addToScene() - Object '1790' is already in a SceneGraph!.
t2dSceneGraph::addToScene() - Object '1791' is already in a SceneGraph!.
t2dSceneGraph::addToScene() - Object '1792' is already in a SceneGraph!.
t2dSceneGraph::addToScene() - Object '1793' is already in a SceneGraph!.
t2dSceneGraph::addToScene() - Object '1794' is already in a SceneGraph!.
t2dSceneGraph::addToScene() - Object '1795' is already in a SceneGraph!.
t2dSceneGraph::addToScene() - Object '1796' is already in a SceneGraph!.
t2dSceneGraph::addToScene() - Object '1797' is already in a SceneGraph!.
t2dSceneGraph::addToScene() - Object '1798' is already in a SceneGraph!.
t2dSceneGraph::addToScene() - Object '1799' is already in a SceneGraph!.
t2dSceneGraph::addToScene() - Object '1800' is already in a SceneGraph!.
t2dSceneGraph::addToScene() - Object '1801' is already in a SceneGraph!.
t2dSceneGraph::addToScene() - Object '1802' is already in a SceneGraph!.
t2dSceneGraph::addToScene() - Object '1803' is already in a SceneGraph!.
t2dSceneGraph::addToScene() - Object '1804' is already in a SceneGraph!.
t2dSceneGraph::addToScene() - Object '1805' is already in a SceneGraph!.
t2dSceneGraph::addToScene() - Object '1806' is already in a SceneGraph!.
t2dSceneGraph::addToScene() - Object '1807' is already in a SceneGraph!.
t2dSceneGraph::addToScene() - Object '1808' is already in a SceneGraph!.
t2dSceneGraph::addToScene() - Object '1809' is already in a SceneGraph!.
t2dSceneGraph::addToScene() - Object '1810' is already in a SceneGraph!.
t2dSceneGraph::addToScene() - Object '1811' is already in a SceneGraph!.
t2dSceneGraph::addToScene() - Object '1812' is already in a SceneGraph!.
t2dSceneGraph::addToScene() - Object '1813' is already in a SceneGraph!.
t2dSceneGraph::addToScene() - Object '1814' is already in a SceneGraph!.
t2dSceneGraph::addToScene() - Object '1815' is already in a SceneGraph!.
t2dSceneGraph::addToScene() - Object '1816' is already in a SceneGraph!.
t2dSceneGraph::addToScene() - Object '1817' is already in a SceneGraph!.
t2dSceneGraph::addToScene() - Object '1818' is already in a SceneGraph!.
t2dSceneGraph::addToScene() - Object '1819' is already in a SceneGraph!.
t2dSceneGraph::addToScene() - Object '1820' is already in a SceneGraph!.
t2dSceneGraph::addToScene() - Object '1821' is already in a SceneGraph!.
t2dSceneGraph::addToScene() - Object '1822' is already in a SceneGraph!.
t2dSceneGraph::addToScene() - Object '1823' is already in a SceneGraph!.
t2dSceneGraph::addToScene() - Object '1824' is already in a SceneGraph!.
t2dSceneGraph::addToScene() - Object '1825' is already in a SceneGraph!.
t2dSceneGraph::addToScene() - Object '1826' is already in a SceneGraph!.
t2dSceneGraph::addToScene() - Object '1827' is already in a SceneGraph!.
t2dSceneGraph::addToScene() - Object '1828' is already in a SceneGraph!.
t2dSceneGraph::addToScene() - Object '1829' is already in a SceneGraph!.
t2dSceneGraph::addToScene() - Object '1830' is already in a SceneGraph!.
t2dSceneGraph::addToScene() - Object '1831' is already in a SceneGraph!.
t2dSceneGraph::addToScene() - Object '1832' is already in a SceneGraph!.
t2dSceneGraph::addToScene() - Object '1833' is already in a SceneGraph!.
t2dSceneGraph::addToScene() - Object '1834' is already in a SceneGraph!.
t2dSceneGraph::addToScene() - Object '1835' is already in a SceneGraph!.
t2dSceneGraph::addToScene() - Object '1836' is already in a SceneGraph!.
t2dSceneGraph::addToScene() - Object '1837' is already in a SceneGraph!.
t2dSceneGraph::addToScene() - Object '1838' is already in a SceneGraph!.
t2dSceneGraph::addToScene() - Object '1839' is already in a SceneGraph!.
t2dSceneGraph::addToScene() - Object '1840' is already in a SceneGraph!.
t2dSceneGraph::addToScene() - Object '1841' is already in a SceneGraph!.
t2dSceneGraph::addToScene() - Object '1842' is already in a SceneGraph!.
t2dSceneGraph::addToScene() - Object '1843' is already in a SceneGraph!.
t2dSceneGraph::addToScene() - Object '1844' is already in a SceneGraph!.
t2dSceneGraph::addToScene() - Object '1845' is already in a SceneGraph!.
t2dSceneGraph::addToScene() - Object '1846' is already in a SceneGraph!.
t2dSceneGraph::addToScene() - Object '1847' is already in a SceneGraph!.
t2dSceneGraph::addToScene() - Object '1848' is already in a SceneGraph!.
t2dSceneGraph::addToScene() - Object '1849' is already in a SceneGraph!.
t2dSceneGraph::addToScene() - Object '1850' is already in a SceneGraph!.
t2dSceneGraph::addToScene() - Object '1851' is already in a SceneGraph!.
t2dSceneGraph::addToScene() - Object '1852' is already in a SceneGraph!.
t2dSceneGraph::addToScene() - Object '1853' is already in a SceneGraph!.
t2dSceneGraph::addToScene() - Object '1854' is already in a SceneGraph!.
t2dSceneGraph::addToScene() - Object '1855' is already in a SceneGraph!.
t2dSceneGraph::addToScene() - Object '1856' is already in a SceneGraph!.
t2dSceneGraph::addToScene() - Object '1857' is already in a SceneGraph!.
t2dSceneGraph::addToScene() - Object '1858' is already in a SceneGraph!.
t2dSceneGraph::addToScene() - Object '1859' is already in a SceneGraph!.
t2dSceneGraph::addToScene() - Object '1860' is already in a SceneGraph!.
t2dSceneGraph::addToScene() - Object '1861' is already in a SceneGraph!.
t2dSceneGraph::addToScene() - Object '1862' is already in a SceneGraph!.
t2dSceneGraph::addToScene() - Object '1863' is already in a SceneGraph!.
t2dSceneGraph::addToScene() - Object '1864' is already in a SceneGraph!.
t2dSceneGraph::addToScene() - Object '1865' is already in a SceneGraph!.
t2dSceneGraph::addToScene() - Object '1866' is already in a SceneGraph!.
t2dSceneGraph::addToScene() - Object '1867' is already in a SceneGraph!.
t2dSceneGraph::addToScene() - Object '1868' is already in a SceneGraph!.
t2dSceneGraph::addToScene() - Object '1869' is already in a SceneGraph!.
t2dSceneGraph::addToScene() - Object '1870' is already in a SceneGraph!.
t2dSceneGraph::addToScene() - Object '1871' is already in a SceneGraph!.
t2dSceneGraph::addToScene() - Object '1872' is already in a SceneGraph!.
t2dSceneGraph::addToScene() - Object '1873' is already in a SceneGraph!.
t2dSceneGraph::addToScene() - Object '1874' is already in a SceneGraph!.
t2dSceneGraph::addToScene() - Object '1875' is already in a SceneGraph!.
t2dSceneGraph::addToScene() - Object '1876' is already in a SceneGraph!.
t2dSceneGraph::addToScene() - Object '1877' is already in a SceneGraph!.
t2dSceneGraph::addToScene() - Object '1878' is already in a SceneGraph!.
t2dSceneGraph::addToScene() - Object '1879' is already in a SceneGraph!.
t2dSceneGraph::addToScene() - Object '1880' is already in a SceneGraph!.
t2dSceneGraph::addToScene() - Object '1881' is already in a SceneGraph!.
t2dSceneGraph::addToScene() - Object '1882' is already in a SceneGraph!.
t2dSceneGraph::addToScene() - Object '1883' is already in a SceneGraph!.
t2dSceneGraph::addToScene() - Object '1884' is already in a SceneGraph!.
t2dSceneGraph::addToScene() - Object '1885' is already in a SceneGraph!.
t2dSceneGraph::addToScene() - Object '1886' is already in a SceneGraph!.
t2dSceneGraph::addToScene() - Object '1887' is already in a SceneGraph!.
t2dSceneGraph::addToScene() - Object '1888' is already in a SceneGraph!.
t2dSceneGraph::addToScene() - Object '1889' is already in a SceneGraph!.
t2dSceneGraph::addToScene() - Object '1890' is already in a SceneGraph!.
t2dSceneGraph::addToScene() - Object '1891' is already in a SceneGraph!.
t2dSceneGraph::addToScene() - Object '1892' is already in a SceneGraph!.
t2dSceneGraph::addToScene() - Object '1893' is already in a SceneGraph!.
t2dSceneGraph::addToScene() - Object '1894' is already in a SceneGraph!.
t2dSceneGraph::addToScene() - Object '1895' is already in a SceneGraph!.
t2dSceneGraph::addToScene() - Object '1896' is already in a SceneGraph!.
t2dSceneGraph::addToScene() - Object '1897' is already in a SceneGraph!.
t2dSceneGraph::addToScene() - Object '1898' is already in a SceneGraph!.
t2dSceneGraph::addToScene() - Object '1899' is already in a SceneGraph!.
t2dSceneGraph::addToScene() - Object '1900' is already in a SceneGraph!.
t2dSceneGraph::addToScene() - Object '1901' is already in a SceneGraph!.
t2dSceneGraph::addToScene() - Object '1902' is already in a SceneGraph!.
t2dSceneGraph::addToScene() - Object '1903' is already in a SceneGraph!.
t2dSceneGraph::addToScene() - Object '1904' is already in a SceneGraph!.
t2dSceneGraph::addToScene() - Object '1905' is already in a SceneGraph!.
t2dSceneGraph::addToScene() - Object '1906' is already in a SceneGraph!.
t2dSceneGraph::addToScene() - Object '1907' is already in a SceneGraph!.
t2dSceneGraph::addToScene() - Object '1908' is already in a SceneGraph!.
t2dSceneGraph::addToScene() - Object '1909' is already in a SceneGraph!.
t2dSceneGraph::addToScene() - Object '1910' is already in a SceneGraph!.
t2dSceneGraph::addToScene() - Object '1911' is already in a SceneGraph!.
t2dSceneGraph::addToScene() - Object '1912' is already in a SceneGraph!.
t2dSceneGraph::addToScene() - Object '1913' is already in a SceneGraph!.
t2dSceneGraph::addToScene() - Object '1914' is already in a SceneGraph!.
t2dSceneGraph::addToScene() - Object '1915' is already in a SceneGraph!.
t2dSceneGraph::addToScene() - Object '1916' is already in a SceneGraph!.
t2dSceneGraph::addToScene() - Object '1917' is already in a SceneGraph!.
t2dSceneGraph::addToScene() - Object '1918' is already in a SceneGraph!.
t2dSceneGraph::addToScene() - Object '1919' is already in a SceneGraph!.
t2dSceneGraph::addToScene() - Object '1920' is already in a SceneGraph!.
t2dSceneGraph::addToScene() - Object '1921' is already in a SceneGraph!.
t2dSceneGraph::addToScene() - Object '1922' is already in a SceneGraph!.
t2dSceneGraph::addToScene() - Object '1923' is already in a SceneGraph!.
t2dSceneGraph::addToScene() - Object '1924' is already in a SceneGraph!.
t2dSceneGraph::addToScene() - Object '1925' is already in a SceneGraph!.
t2dSceneGraph::addToScene() - Object '1926' is already in a SceneGraph!.
t2dSceneGraph::addToScene() - Object '1927' is already in a SceneGraph!.
t2dSceneGraph::addToScene() - Object '1928' is already in a SceneGraph!.
t2dSceneGraph::addToScene() - Object '1929' is already in a SceneGraph!.
t2dSceneGraph::addToScene() - Object '1930' is already in a SceneGraph!.
t2dSceneGraph::addToScene() - Object '1931' is already in a SceneGraph!.
t2dSceneGraph::addToScene() - Object '1932' is already in a SceneGraph!.
t2dSceneGraph::addToScene() - Object '1933' is already in a SceneGraph!.
t2dSceneGraph::addToScene() - Object '1934' is already in a SceneGraph!.
t2dSceneGraph::addToScene() - Object '1935' is already in a SceneGraph!.
t2dSceneGraph::addToScene() - Object '1936' is already in a SceneGraph!.
t2dSceneGraph::addToScene() - Object '1937' is already in a SceneGraph!.
t2dSceneGraph::addToScene() - Object '1938' is already in a SceneGraph!.
t2dSceneGraph::addToScene() - Object '1939' is already in a SceneGraph!.
t2dSceneGraph::addToScene() - Object '1940' is already in a SceneGraph!.
t2dSceneGraph::addToScene() - Object '1941' is already in a SceneGraph!.
t2dSceneGraph::addToScene() - Object '1942' is already in a SceneGraph!.
t2dSceneGraph::addToScene() - Object '1943' is already in a SceneGraph!.
t2dSceneGraph::addToScene() - Object '1944' is already in a SceneGraph!.
t2dSceneGraph::addToScene() - Object '1945' is already in a SceneGraph!.
t2dSceneGraph::addToScene() - Object '1946' is already in a SceneGraph!.
Compiling G:/FunCode/Games/Zombie/Bin/game/data/levels/gameover.t2d...
Loading compiled script G:/FunCode/Games/Zombie/Bin/game/data/levels/gameover.t2d.
Compiling G:/FunCode/Games/Zombie/Bin/game/data/levels/start.t2d...
Loading compiled script G:/FunCode/Games/Zombie/Bin/game/data/levels/start.t2d.
Compiling G:/FunCode/Games/Zombie/Bin/game/data/levels/baseView.t2d...
Loading compiled script G:/FunCode/Games/Zombie/Bin/game/data/levels/baseView.t2d.
t2dSceneGraph::addToScene() - Object '1995' is already in a SceneGraph!.
t2dSceneGraph::addToScene() - Object '1996' is already in a SceneGraph!.
t2dSceneGraph::addToScene() - Object '1997' is already in a SceneGraph!.
t2dSceneGraph::addToScene() - Object '1998' is already in a SceneGraph!.
t2dSceneGraph::addToScene() - Object '1999' is already in a SceneGraph!.
t2dSceneGraph::addToScene() - Object '2000' is already in a SceneGraph!.
t2dSceneGraph::addToScene() - Object '2001' is already in a SceneGraph!.
t2dSceneGraph::addToScene() - Object '2002' is already in a SceneGraph!.
t2dSceneGraph::addToScene() - Object '2003' is already in a SceneGraph!.
t2dSceneGraph::addToScene() - Object '2004' is already in a SceneGraph!.
t2dSceneGraph::addToScene() - Object '2005' is already in a SceneGraph!.
t2dSceneGraph::addToScene() - Object '2006' is already in a SceneGraph!.
t2dSceneGraph::addToScene() - Object '2007' is already in a SceneGraph!.
t2dSceneGraph::addToScene() - Object '2008' is already in a SceneGraph!.
t2dSceneGraph::addToScene() - Object '2009' is already in a SceneGraph!.
t2dSceneGraph::addToScene() - Object '2010' is already in a SceneGraph!.
t2dSceneGraph::addToScene() - Object '2011' is already in a SceneGraph!.
t2dSceneGraph::addToScene() - Object '2012' is already in a SceneGraph!.
t2dSceneGraph::addToScene() - Object '2013' is already in a SceneGraph!.
t2dSceneGraph::addToScene() - Object '2014' is already in a SceneGraph!.
t2dSceneGraph::addToScene() - Object '2015' is already in a SceneGraph!.
t2dSceneGraph::addToScene() - Object '2016' is already in a SceneGraph!.
t2dSceneGraph::addToScene() - Object '2017' is already in a SceneGraph!.
t2dSceneGraph::addToScene() - Object '2018' is already in a SceneGraph!.
t2dSceneGraph::addToScene() - Object '2019' is already in a SceneGraph!.
t2dSceneGraph::addToScene() - Object '2020' is already in a SceneGraph!.
t2dSceneGraph::addToScene() - Object '2021' is already in a SceneGraph!.
t2dSceneGraph::addToScene() - Object '2022' is already in a SceneGraph!.
t2dSceneGraph::addToScene() - Object '2023' is already in a SceneGraph!.
t2dSceneGraph::addToScene() - Object '2024' is already in a SceneGraph!.
t2dSceneGraph::addToScene() - Object '2025' is already in a SceneGraph!.
t2dSceneGraph::addToScene() - Object '2026' is already in a SceneGraph!.
t2dSceneGraph::addToScene() - Object '2027' is already in a SceneGraph!.
t2dSceneGraph::addToScene() - Object '2028' is already in a SceneGraph!.
t2dSceneGraph::addToScene() - Object '2029' is already in a SceneGraph!.
t2dSceneGraph::addToScene() - Object '2030' is already in a SceneGraph!.
t2dSceneGraph::addToScene() - Object '2031' is already in a SceneGraph!.
t2dSceneGraph::addToScene() - Object '2032' is already in a SceneGraph!.
t2dSceneGraph::addToScene() - Object '2033' is already in a SceneGraph!.
t2dSceneGraph::addToScene() - Object '2034' is already in a SceneGraph!.
t2dSceneGraph::addToScene() - Object '2035' is already in a SceneGraph!.
t2dSceneGraph::addToScene() - Object '2036' is already in a SceneGraph!.
t2dSceneGraph::addToScene() - Object '2037' is already in a SceneGraph!.
t2dSceneGraph::addToScene() - Object '2038' is already in a SceneGraph!.
t2dSceneGraph::addToScene() - Object '2039' is already in a SceneGraph!.
t2dSceneGraph::addToScene() - Object '2040' is already in a SceneGraph!.
t2dSceneGraph::addToScene() - Object '2041' is already in a SceneGraph!.
t2dSceneGraph::addToScene() - Object '2042' is already in a SceneGraph!.
t2dSceneGraph::addToScene() - Object '2043' is already in a SceneGraph!.
t2dSceneGraph::addToScene() - Object '2044' is already in a SceneGraph!.
t2dSceneGraph::addToScene() - Object '2045' is already in a SceneGraph!.
t2dSceneGraph::addToScene() - Object '2046' is already in a SceneGraph!.
t2dSceneGraph::addToScene() - Object '2047' is already in a SceneGraph!.
t2dSceneGraph::addToScene() - Object '2048' is already in a SceneGraph!.
t2dSceneGraph::addToScene() - Object '2049' is already in a SceneGraph!.
t2dSceneGraph::addToScene() - Object '2050' is already in a SceneGraph!.
t2dSceneGraph::addToScene() - Object '2051' is already in a SceneGraph!.
t2dSceneGraph::addToScene() - Object '2052' is already in a SceneGraph!.
t2dSceneGraph::addToScene() - Object '2053' is already in a SceneGraph!.
t2dSceneGraph::addToScene() - Object '2054' is already in a SceneGraph!.
t2dSceneGraph::addToScene() - Object '2055' is already in a SceneGraph!.
t2dSceneGraph::addToScene() - Object '2056' is already in a SceneGraph!.
t2dSceneGraph::addToScene() - Object '2057' is already in a SceneGraph!.
t2dSceneGraph::addToScene() - Object '2058' is already in a SceneGraph!.
t2dSceneGraph::addToScene() - Object '2059' is already in a SceneGraph!.
t2dSceneGraph::addToScene() - Object '2060' is already in a SceneGraph!.
t2dSceneGraph::addToScene() - Object '2061' is already in a SceneGraph!.
t2dSceneGraph::addToScene() - Object '2062' is already in a SceneGraph!.
t2dSceneGraph::addToScene() - Object '2063' is already in a SceneGraph!.
t2dSceneGraph::addToScene() - Object '2064' is already in a SceneGraph!.
t2dSceneGraph::addToScene() - Object '2065' is already in a SceneGraph!.
t2dSceneGraph::addToScene() - Object '2066' is already in a SceneGraph!.
t2dSceneGraph::addToScene() - Object '2067' is already in a SceneGraph!.
t2dSceneGraph::addToScene() - Object '2068' is already in a SceneGraph!.
t2dSceneGraph::addToScene() - Object '2069' is already in a SceneGraph!.
t2dSceneGraph::addToScene() - Object '2070' is already in a SceneGraph!.
t2dSceneGraph::addToScene() - Object '2071' is already in a SceneGraph!.
t2dSceneGraph::addToScene() - Object '2072' is already in a SceneGraph!.
t2dSceneGraph::addToScene() - Object '2073' is already in a SceneGraph!.
t2dSceneGraph::addToScene() - Object '2074' is already in a SceneGraph!.
t2dSceneGraph::addToScene() - Object '2075' is already in a SceneGraph!.
t2dSceneGraph::addToScene() - Object '2076' is already in a SceneGraph!.
t2dSceneGraph::addToScene() - Object '2077' is already in a SceneGraph!.
t2dSceneGraph::addToScene() - Object '2078' is already in a SceneGraph!.
t2dSceneGraph::addToScene() - Object '2079' is already in a SceneGraph!.
t2dSceneGraph::addToScene() - Object '2080' is already in a SceneGraph!.
t2dSceneGraph::addToScene() - Object '2081' is already in a SceneGraph!.
t2dSceneGraph::addToScene() - Object '2082' is already in a SceneGraph!.
t2dSceneGraph::addToScene() - Object '2083' is already in a SceneGraph!.
t2dSceneGraph::addToScene() - Object '2084' is already in a SceneGraph!.
t2dSceneGraph::addToScene() - Object '2085' is already in a SceneGraph!.
t2dSceneGraph::addToScene() - Object '2086' is already in a SceneGraph!.
t2dSceneGraph::addToScene() - Object '2087' is already in a SceneGraph!.
t2dSceneGraph::addToScene() - Object '2088' is already in a SceneGraph!.
t2dSceneGraph::addToScene() - Object '2089' is already in a SceneGraph!.
t2dSceneGraph::addToScene() - Object '2090' is already in a SceneGraph!.
t2dSceneGraph::addToScene() - Object '2091' is already in a SceneGraph!.
t2dSceneGraph::addToScene() - Object '2092' is already in a SceneGraph!.
t2dSceneGraph::addToScene() - Object '2093' is already in a SceneGraph!.
t2dSceneGraph::addToScene() - Object '2094' is already in a SceneGraph!.
t2dSceneGraph::addToScene() - Object '2095' is already in a SceneGraph!.
t2dSceneGraph::addToScene() - Object '2096' is already in a SceneGraph!.
t2dSceneGraph::addToScene() - Object '2097' is already in a SceneGraph!.
t2dSceneGraph::addToScene() - Object '2098' is already in a SceneGraph!.
t2dSceneGraph::addToScene() - Object '2099' is already in a SceneGraph!.
t2dSceneGraph::addToScene() - Object '2100' is already in a SceneGraph!.
t2dSceneGraph::addToScene() - Object '2101' is already in a SceneGraph!.
t2dSceneGraph::addToScene() - Object '2102' is already in a SceneGraph!.
t2dSceneGraph::addToScene() - Object '2103' is already in a SceneGraph!.
t2dSceneGraph::addToScene() - Object '2104' is already in a SceneGraph!.
t2dSceneGraph::addToScene() - Object '2105' is already in a SceneGraph!.
t2dSceneGraph::addToScene() - Object '2106' is already in a SceneGraph!.
t2dSceneGraph::addToScene() - Object '2107' is already in a SceneGraph!.
t2dSceneGraph::addToScene() - Object '2108' is already in a SceneGraph!.
t2dSceneGraph::addToScene() - Object '2109' is already in a SceneGraph!.
t2dSceneGraph::addToScene() - Object '2110' is already in a SceneGraph!.
t2dSceneGraph::addToScene() - Object '2111' is already in a SceneGraph!.
t2dSceneGraph::addToScene() - Object '2112' is already in a SceneGraph!.
t2dSceneGraph::addToScene() - Object '2113' is already in a SceneGraph!.
t2dSceneGraph::addToScene() - Object '2114' is already in a SceneGraph!.
t2dSceneGraph::addToScene() - Object '2115' is already in a SceneGraph!.
t2dSceneGraph::addToScene() - Object '2116' is already in a SceneGraph!.
t2dSceneGraph::addToScene() - Object '2117' is already in a SceneGraph!.
t2dSceneGraph::addToScene() - Object '2118' is already in a SceneGraph!.
t2dSceneGraph::addToScene() - Object '2119' is already in a SceneGraph!.
t2dSceneGraph::addToScene() - Object '2120' is already in a SceneGraph!.
t2dSceneGraph::addToScene() - Object '2121' is already in a SceneGraph!.
t2dSceneGraph::addToScene() - Object '2122' is already in a SceneGraph!.
t2dSceneGraph::addToScene() - Object '2123' is already in a SceneGraph!.
t2dSceneGraph::addToScene() - Object '2124' is already in a SceneGraph!.
t2dSceneGraph::addToScene() - Object '2125' is already in a SceneGraph!.
t2dSceneGraph::addToScene() - Object '2126' is already in a SceneGraph!.
t2dSceneGraph::addToScene() - Object '2127' is already in a SceneGraph!.
t2dSceneGraph::addToScene() - Object '2128' is already in a SceneGraph!.
t2dSceneGraph::addToScene() - Object '2129' is already in a SceneGraph!.
t2dSceneGraph::addToScene() - Object '2130' is already in a SceneGraph!.
t2dSceneGraph::addToScene() - Object '2131' is already in a SceneGraph!.
t2dSceneGraph::addToScene() - Object '2132' is already in a SceneGraph!.
t2dSceneGraph::addToScene() - Object '2133' is already in a SceneGraph!.
t2dSceneGraph::addToScene() - Object '2134' is already in a SceneGraph!.
t2dSceneGraph::addToScene() - Object '2135' is already in a SceneGraph!.
t2dSceneGraph::addToScene() - Object '2136' is already in a SceneGraph!.
t2dSceneGraph::addToScene() - Object '2137' is already in a SceneGraph!.
t2dSceneGraph::addToScene() - Object '2138' is already in a SceneGraph!.
t2dSceneGraph::addToScene() - Object '2139' is already in a SceneGraph!.
t2dSceneGraph::addToScene() - Object '2140' is already in a SceneGraph!.
t2dSceneGraph::addToScene() - Object '2141' is already in a SceneGraph!.
t2dSceneGraph::addToScene() - Object '2142' is already in a SceneGraph!.
t2dSceneGraph::addToScene() - Object '2143' is already in a SceneGraph!.
t2dSceneGraph::addToScene() - Object '2144' is already in a SceneGraph!.
t2dSceneGraph::addToScene() - Object '2145' is already in a SceneGraph!.
t2dSceneGraph::addToScene() - Object '2146' is already in a SceneGraph!.
t2dSceneGraph::addToScene() - Object '2147' is already in a SceneGraph!.
t2dSceneGraph::addToScene() - Object '2148' is already in a SceneGraph!.
t2dSceneGraph::addToScene() - Object '2149' is already in a SceneGraph!.
t2dSceneGraph::addToScene() - Object '2150' is already in a SceneGraph!.
t2dSceneGraph::addToScene() - Object '2151' is already in a SceneGraph!.
t2dSceneGraph::addToScene() - Object '2152' is already in a SceneGraph!.
t2dSceneGraph::addToScene() - Object '2153' is already in a SceneGraph!.
t2dSceneGraph::addToScene() - Object '2154' is already in a SceneGraph!.
t2dSceneGraph::addToScene() - Object '2155' is already in a SceneGraph!.
t2dSceneGraph::addToScene() - Object '2156' is already in a SceneGraph!.
t2dSceneGraph::addToScene() - Object '2157' is already in a SceneGraph!.
t2dSceneGraph::addToScene() - Object '2158' is already in a SceneGraph!.
t2dSceneGraph::addToScene() - Object '2159' is already in a SceneGraph!.
t2dSceneGraph::addToScene() - Object '2160' is already in a SceneGraph!.
t2dSceneGraph::addToScene() - Object '2161' is already in a SceneGraph!.
t2dSceneGraph::addToScene() - Object '2162' is already in a SceneGraph!.
t2dSceneGraph::addToScene() - Object '2163' is already in a SceneGraph!.
t2dSceneGraph::addToScene() - Object '2164' is already in a SceneGraph!.
t2dSceneGraph::addToScene() - Object '2165' is already in a SceneGraph!.
t2dSceneGraph::addToScene() - Object '2166' is already in a SceneGraph!.
t2dSceneGraph::addToScene() - Object '2167' is already in a SceneGraph!.
t2dSceneGraph::addToScene() - Object '2168' is already in a SceneGraph!.
t2dSceneGraph::addToScene() - Object '2169' is already in a SceneGraph!.
t2dSceneGraph::addToScene() - Object '2170' is already in a SceneGraph!.
t2dSceneGraph::addToScene() - Object '2171' is already in a SceneGraph!.
t2dSceneGraph::addToScene() - Object '2172' is already in a SceneGraph!.
t2dSceneGraph::addToScene() - Object '2173' is already in a SceneGraph!.
t2dSceneGraph::addToScene() - Object '2174' is already in a SceneGraph!.
t2dSceneGraph::addToScene() - Object '2175' is already in a SceneGraph!.
t2dSceneGraph::addToScene() - Object '2176' is already in a SceneGraph!.
t2dSceneGraph::addToScene() - Object '2177' is already in a SceneGraph!.
t2dSceneGraph::addToScene() - Object '2178' is already in a SceneGraph!.
t2dSceneGraph::addToScene() - Object '2179' is already in a SceneGraph!.
t2dSceneGraph::addToScene() - Object '2180' is already in a SceneGraph!.
t2dSceneGraph::addToScene() - Object '2181' is already in a SceneGraph!.
t2dSceneGraph::addToScene() - Object '2182' is already in a SceneGraph!.
t2dSceneGraph::addToScene() - Object '2183' is already in a SceneGraph!.
t2dSceneGraph::addToScene() - Object '2184' is already in a SceneGraph!.
t2dSceneGraph::addToScene() - Object '2185' is already in a SceneGraph!.
t2dSceneGraph::addToScene() - Object '2186' is already in a SceneGraph!.
t2dSceneGraph::addToScene() - Object '2187' is already in a SceneGraph!.
t2dSceneGraph::addToScene() - Object '2188' is already in a SceneGraph!.
t2dSceneGraph::addToScene() - Object '2189' is already in a SceneGraph!.
t2dSceneGraph::addToScene() - Object '2190' is already in a SceneGraph!.
t2dSceneGraph::addToScene() - Object '2191' is already in a SceneGraph!.
t2dSceneGraph::addToScene() - Object '2192' is already in a SceneGraph!.
t2dSceneGraph::addToScene() - Object '2193' is already in a SceneGraph!.
t2dSceneGraph::addToScene() - Object '2194' is already in a SceneGraph!.
t2dSceneGraph::addToScene() - Object '2195' is already in a SceneGraph!.
t2dSceneGraph::addToScene() - Object '2196' is already in a SceneGraph!.
t2dSceneGraph::addToScene() - Object '2197' is already in a SceneGraph!.
t2dSceneGraph::addToScene() - Object '2198' is already in a SceneGraph!.
t2dSceneGraph::addToScene() - Object '2199' is already in a SceneGraph!.
t2dSceneGraph::addToScene() - Object '2200' is already in a SceneGraph!.
t2dSceneGraph::addToScene() - Object '2201' is already in a SceneGraph!.
t2dSceneGraph::addToScene() - Object '2202' is already in a SceneGraph!.
t2dSceneGraph::addToScene() - Object '2203' is already in a SceneGraph!.
t2dSceneGraph::addToScene() - Object '2204' is already in a SceneGraph!.
t2dSceneGraph::addToScene() - Object '2205' is already in a SceneGraph!.
t2dSceneGraph::addToScene() - Object '2206' is already in a SceneGraph!.
t2dSceneGraph::addToScene() - Object '2207' is already in a SceneGraph!.
t2dSceneGraph::addToScene() - Object '2208' is already in a SceneGraph!.
t2dSceneGraph::addToScene() - Object '2209' is already in a SceneGraph!.
t2dSceneGraph::addToScene() - Object '2210' is already in a SceneGraph!.
t2dSceneGraph::addToScene() - Object '2211' is already in a SceneGraph!.
t2dSceneGraph::addToScene() - Object '2212' is already in a SceneGraph!.
t2dSceneGraph::addToScene() - Object '2213' is already in a SceneGraph!.
t2dSceneGraph::addToScene() - Object '2214' is already in a SceneGraph!.
t2dSceneGraph::addToScene() - Object '2215' is already in a SceneGraph!.
t2dSceneGraph::addToScene() - Object '2216' is already in a SceneGraph!.
t2dSceneGraph::addToScene() - Object '2217' is already in a SceneGraph!.
t2dSceneGraph::addToScene() - Object '2218' is already in a SceneGraph!.
t2dSceneGraph::addToScene() - Object '2219' is already in a SceneGraph!.
t2dSceneGraph::addToScene() - Object '2220' is already in a SceneGraph!.
t2dSceneGraph::addToScene() - Object '2221' is already in a SceneGraph!.
t2dSceneGraph::addToScene() - Object '2222' is already in a SceneGraph!.
t2dSceneGraph::addToScene() - Object '2223' is already in a SceneGraph!.
t2dSceneGraph::addToScene() - Object '2224' is already in a SceneGraph!.
t2dSceneGraph::addToScene() - Object '2225' is already in a SceneGraph!.
t2dSceneGraph::addToScene() - Object '2226' is already in a SceneGraph!.
t2dSceneGraph::addToScene() - Object '2227' is already in a SceneGraph!.
t2dSceneGraph::addToScene() - Object '2228' is already in a SceneGraph!.
t2dSceneGraph::addToScene() - Object '2229' is already in a SceneGraph!.
t2dSceneGraph::addToScene() - Object '2230' is already in a SceneGraph!.
t2dSceneGraph::addToScene() - Object '2231' is already in a SceneGraph!.
t2dSceneGraph::addToScene() - Object '2232' is already in a SceneGraph!.
t2dSceneGraph::addToScene() - Object '2233' is already in a SceneGraph!.
t2dSceneGraph::addToScene() - Object '2234' is already in a SceneGraph!.
t2dSceneGraph::addToScene() - Object '2235' is already in a SceneGraph!.
t2dSceneGraph::addToScene() - Object '2236' is already in a SceneGraph!.
t2dSceneGraph::addToScene() - Object '2237' is already in a SceneGraph!.
t2dSceneGraph::addToScene() - Object '2238' is already in a SceneGraph!.
t2dSceneGraph::addToScene() - Object '2239' is already in a SceneGraph!.
t2dSceneGraph::addToScene() - Object '2240' is already in a SceneGraph!.
t2dSceneGraph::addToScene() - Object '2241' is already in a SceneGraph!.
t2dSceneGraph::addToScene() - Object '2242' is already in a SceneGraph!.
t2dSceneGraph::addToScene() - Object '2243' is already in a SceneGraph!.
t2dSceneGraph::addToScene() - Object '2244' is already in a SceneGraph!.
t2dSceneGraph::addToScene() - Object '2245' is already in a SceneGraph!.
t2dSceneGraph::addToScene() - Object '2246' is already in a SceneGraph!.
t2dSceneGraph::addToScene() - Object '2247' is already in a SceneGraph!.
t2dSceneGraph::addToScene() - Object '2248' is already in a SceneGraph!.
t2dSceneGraph::addToScene() - Object '2249' is already in a SceneGraph!.
t2dSceneGraph::addToScene() - Object '2250' is already in a SceneGraph!.
t2dSceneGraph::addToScene() - Object '2251' is already in a SceneGraph!.
t2dSceneGraph::addToScene() - Object '2252' is already in a SceneGraph!.
t2dSceneGraph::addToScene() - Object '2253' is already in a SceneGraph!.
t2dSceneGraph::addToScene() - Object '2254' is already in a SceneGraph!.
t2dSceneGraph::addToScene() - Object '2255' is already in a SceneGraph!.
t2dSceneGraph::addToScene() - Object '2256' is already in a SceneGraph!.
t2dSceneGraph::addToScene() - Object '2257' is already in a SceneGraph!.
t2dSceneGraph::addToScene() - Object '2258' is already in a SceneGraph!.
t2dSceneGraph::addToScene() - Object '2259' is already in a SceneGraph!.
t2dSceneGraph::addToScene() - Object '2260' is already in a SceneGraph!.
t2dSceneGraph::addToScene() - Object '2261' is already in a SceneGraph!.
t2dSceneGraph::addToScene() - Object '2262' is already in a SceneGraph!.
t2dSceneGraph::addToScene() - Object '2263' is already in a SceneGraph!.
t2dSceneGraph::addToScene() - Object '2264' is already in a SceneGraph!.
t2dSceneGraph::addToScene() - Object '2265' is already in a SceneGraph!.
t2dSceneGraph::addToScene() - Object '2266' is already in a SceneGraph!.
t2dSceneGraph::addToScene() - Object '2267' is already in a SceneGraph!.
t2dSceneGraph::addToScene() - Object '2268' is already in a SceneGraph!.
t2dSceneGraph::addToScene() - Object '2269' is already in a SceneGraph!.
t2dSceneGraph::addToScene() - Object '2270' is already in a SceneGraph!.
t2dSceneGraph::addToScene() - Object '2271' is already in a SceneGraph!.
t2dSceneGraph::addToScene() - Object '2272' is already in a SceneGraph!.
t2dSceneGraph::addToScene() - Object '2273' is already in a SceneGraph!.
t2dSceneGraph::addToScene() - Object '2274' is already in a SceneGraph!.
t2dSceneGraph::addToScene() - Object '2275' is already in a SceneGraph!.
t2dSceneGraph::addToScene() - Object '2276' is already in a SceneGraph!.
t2dSceneGraph::addToScene() - Object '2277' is already in a SceneGraph!.
t2dSceneGraph::addToScene() - Object '2278' is already in a SceneGraph!.
t2dSceneGraph::addToScene() - Object '2279' is already in a SceneGraph!.
t2dSceneGraph::addToScene() - Object '2280' is already in a SceneGraph!.
t2dSceneGraph::addToScene() - Object '2281' is already in a SceneGraph!.
t2dSceneGraph::addToScene() - Object '2282' is already in a SceneGraph!.
t2dSceneGraph::addToScene() - Object '2283' is already in a SceneGraph!.
t2dSceneGraph::addToScene() - Object '2284' is already in a SceneGraph!.
t2dSceneGraph::addToScene() - Object '2285' is already in a SceneGraph!.
t2dSceneGraph::addToScene() - Object '2286' is already in a SceneGraph!.
t2dSceneGraph::addToScene() - Object '2287' is already in a SceneGraph!.
t2dSceneGraph::addToScene() - Object '2288' is already in a SceneGraph!.
t2dSceneGraph::addToScene() - Object '2289' is already in a SceneGraph!.
t2dSceneGraph::addToScene() - Object '2290' is already in a SceneGraph!.
t2dSceneGraph::addToScene() - Object '2291' is already in a SceneGraph!.
t2dSceneGraph::addToScene() - Object '2292' is already in a SceneGraph!.
t2dSceneGraph::addToScene() - Object '2293' is already in a SceneGraph!.
t2dSceneGraph::addToScene() - Object '2294' is already in a SceneGraph!.
t2dSceneGraph::addToScene() - Object '2295' is already in a SceneGraph!.
t2dSceneGraph::addToScene() - Object '2296' is already in a SceneGraph!.
t2dSceneGraph::addToScene() - Object '2297' is already in a SceneGraph!.
t2dSceneGraph::addToScene() - Object '2298' is already in a SceneGraph!.
t2dSceneGraph::addToScene() - Object '2299' is already in a SceneGraph!.
t2dSceneGraph::addToScene() - Object '2300' is already in a SceneGraph!.
t2dSceneGraph::addToScene() - Object '2301' is already in a SceneGraph!.
t2dSceneGraph::addToScene() - Object '2302' is already in a SceneGraph!.
t2dSceneGraph::addToScene() - Object '2303' is already in a SceneGraph!.
t2dSceneGraph::addToScene() - Object '2304' is already in a SceneGraph!.
t2dSceneGraph::addToScene() - Object '2305' is already in a SceneGraph!.
t2dSceneGraph::addToScene() - Object '2306' is already in a SceneGraph!.
t2dSceneGraph::addToScene() - Object '2307' is already in a SceneGraph!.
t2dSceneGraph::addToScene() - Object '2308' is already in a SceneGraph!.
t2dSceneGraph::addToScene() - Object '2309' is already in a SceneGraph!.
t2dSceneGraph::addToScene() - Object '2310' is already in a SceneGraph!.
t2dSceneGraph::addToScene() - Object '2311' is already in a SceneGraph!.
t2dSceneGraph::addToScene() - Object '2312' is already in a SceneGraph!.
t2dSceneGraph::addToScene() - Object '2313' is already in a SceneGraph!.
t2dSceneGraph::addToScene() - Object '2314' is already in a SceneGraph!.
t2dSceneGraph::addToScene() - Object '2315' is already in a SceneGraph!.
t2dSceneGraph::addToScene() - Object '2316' is already in a SceneGraph!.
t2dSceneGraph::addToScene() - Object '2317' is already in a SceneGraph!.
t2dSceneGraph::addToScene() - Object '2318' is already in a SceneGraph!.
t2dSceneGraph::addToScene() - Object '2319' is already in a SceneGraph!.
t2dSceneGraph::addToScene() - Object '2320' is already in a SceneGraph!.
t2dSceneGraph::addToScene() - Object '2321' is already in a SceneGraph!.
t2dSceneGraph::addToScene() - Object '2322' is already in a SceneGraph!.
t2dSceneGraph::addToScene() - Object '2323' is already in a SceneGraph!.
t2dSceneGraph::addToScene() - Object '2324' is already in a SceneGraph!.
t2dSceneGraph::addToScene() - Object '2325' is already in a SceneGraph!.
t2dSceneGraph::addToScene() - Object '2326' is already in a SceneGraph!.
t2dSceneGraph::addToScene() - Object '2327' is already in a SceneGraph!.
t2dSceneGraph::addToScene() - Object '2328' is already in a SceneGraph!.
t2dSceneGraph::addToScene() - Object '2329' is already in a SceneGraph!.
t2dSceneGraph::addToScene() - Object '2330' is already in a SceneGraph!.
t2dSceneGraph::addToScene() - Object '2331' is already in a SceneGraph!.
t2dSceneGraph::addToScene() - Object '2332' is already in a SceneGraph!.
t2dSceneGraph::addToScene() - Object '2333' is already in a SceneGraph!.
t2dSceneGraph::addToScene() - Object '2334' is already in a SceneGraph!.
t2dSceneGraph::addToScene() - Object '2335' is already in a SceneGraph!.
t2dSceneGraph::addToScene() - Object '2336' is already in a SceneGraph!.
t2dSceneGraph::addToScene() - Object '2337' is already in a SceneGraph!.
t2dSceneGraph::addToScene() - Object '2338' is already in a SceneGraph!.
t2dSceneGraph::addToScene() - Object '2339' is already in a SceneGraph!.
t2dSceneGraph::addToScene() - Object '2340' is already in a SceneGraph!.
t2dSceneGraph::addToScene() - Object '2341' is already in a SceneGraph!.
t2dSceneGraph::addToScene() - Object '2342' is already in a SceneGraph!.
t2dSceneGraph::addToScene() - Object '2343' is already in a SceneGraph!.
t2dSceneGraph::addToScene() - Object '2344' is already in a SceneGraph!.
t2dSceneGraph::addToScene() - Object '2345' is already in a SceneGraph!.
t2dSceneGraph::addToScene() - Object '2346' is already in a SceneGraph!.
t2dSceneGraph::addToScene() - Object '2347' is already in a SceneGraph!.
t2dSceneGraph::addToScene() - Object '2348' is already in a SceneGraph!.
t2dSceneGraph::addToScene() - Object '2349' is already in a SceneGraph!.
t2dSceneGraph::addToScene() - Object '2350' is already in a SceneGraph!.
t2dSceneGraph::addToScene() - Object '2351' is already in a SceneGraph!.
t2dSceneGraph::addToScene() - Object '2352' is already in a SceneGraph!.
t2dSceneGraph::addToScene() - Object '2353' is already in a SceneGraph!.
t2dSceneGraph::addToScene() - Object '2354' is already in a SceneGraph!.
t2dSceneGraph::addToScene() - Object '2355' is already in a SceneGraph!.
t2dSceneGraph::addToScene() - Object '2356' is already in a SceneGraph!.
t2dSceneGraph::addToScene() - Object '2357' is already in a SceneGraph!.
t2dSceneGraph::addToScene() - Object '2358' is already in a SceneGraph!.
t2dSceneGraph::addToScene() - Object '2359' is already in a SceneGraph!.
t2dSceneGraph::addToScene() - Object '2360' is already in a SceneGraph!.
t2dSceneGraph::addToScene() - Object '2361' is already in a SceneGraph!.
t2dSceneGraph::addToScene() - Object '2362' is already in a SceneGraph!.
t2dSceneGraph::addToScene() - Object '2363' is already in a SceneGraph!.
t2dSceneGraph::addToScene() - Object '2364' is already in a SceneGraph!.
t2dSceneGraph::addToScene() - Object '2365' is already in a SceneGraph!.
t2dSceneGraph::addToScene() - Object '2366' is already in a SceneGraph!.
t2dSceneGraph::addToScene() - Object '2367' is already in a SceneGraph!.
t2dSceneGraph::addToScene() - Object '2368' is already in a SceneGraph!.
t2dSceneGraph::addToScene() - Object '2369' is already in a SceneGraph!.
t2dSceneGraph::addToScene() - Object '2370' is already in a SceneGraph!.
t2dSceneGraph::addToScene() - Object '2371' is already in a SceneGraph!.
t2dSceneGraph::addToScene() - Object '2372' is already in a SceneGraph!.
t2dSceneGraph::addToScene() - Object '2373' is already in a SceneGraph!.
t2dSceneGraph::addToScene() - Object '2374' is already in a SceneGraph!.
t2dSceneGraph::addToScene() - Object '2375' is already in a SceneGraph!.
t2dSceneGraph::addToScene() - Object '2376' is already in a SceneGraph!.
t2dSceneGraph::addToScene() - Object '2377' is already in a SceneGraph!.
t2dSceneGraph::addToScene() - Object '2378' is already in a SceneGraph!.
t2dSceneGraph::addToScene() - Object '2379' is already in a SceneGraph!.
t2dSceneGraph::addToScene() - Object '2380' is already in a SceneGraph!.
t2dSceneGraph::addToScene() - Object '2381' is already in a SceneGraph!.
t2dSceneGraph::addToScene() - Object '2382' is already in a SceneGraph!.
t2dSceneGraph::addToScene() - Object '2383' is already in a SceneGraph!.
t2dSceneGraph::addToScene() - Object '2384' is already in a SceneGraph!.
t2dSceneGraph::addToScene() - Object '2385' is already in a SceneGraph!.
t2dSceneGraph::addToScene() - Object '2386' is already in a SceneGraph!.
t2dSceneGraph::addToScene() - Object '2387' is already in a SceneGraph!.
t2dSceneGraph::addToScene() - Object '2388' is already in a SceneGraph!.
t2dSceneGraph::addToScene() - Object '2389' is already in a SceneGraph!.
t2dSceneGraph::addToScene() - Object '2390' is already in a SceneGraph!.
t2dSceneGraph::addToScene() - Object '2391' is already in a SceneGraph!.
t2dSceneGraph::addToScene() - Object '2392' is already in a SceneGraph!.
t2dSceneGraph::addToScene() - Object '2393' is already in a SceneGraph!.
t2dSceneGraph::addToScene() - Object '2394' is already in a SceneGraph!.
t2dSceneGraph::addToScene() - Object '2395' is already in a SceneGraph!.
t2dSceneGraph::addToScene() - Object '2396' is already in a SceneGraph!.
t2dSceneGraph::addToScene() - Object '2397' is already in a SceneGraph!.
t2dSceneGraph::addToScene() - Object '2398' is already in a SceneGraph!.
t2dSceneGraph::addToScene() - Object '2399' is already in a SceneGraph!.
t2dSceneGraph::addToScene() - Object '2400' is already in a SceneGraph!.
t2dSceneGraph::addToScene() - Object '2401' is already in a SceneGraph!.
t2dSceneGraph::addToScene() - Object '2402' is already in a SceneGraph!.
t2dSceneGraph::addToScene() - Object '2403' is already in a SceneGraph!.
t2dSceneGraph::addToScene() - Object '2404' is already in a SceneGraph!.
t2dSceneGraph::addToScene() - Object '2405' is already in a SceneGraph!.
t2dSceneGraph::addToScene() - Object '2406' is already in a SceneGraph!.
t2dSceneGraph::addToScene() - Object '2407' is already in a SceneGraph!.
t2dSceneGraph::addToScene() - Object '2408' is already in a SceneGraph!.
t2dSceneGraph::addToScene() - Object '2409' is already in a SceneGraph!.
t2dSceneGraph::addToScene() - Object '2410' is already in a SceneGraph!.
t2dSceneGraph::addToScene() - Object '2411' is already in a SceneGraph!.
t2dSceneGraph::addToScene() - Object '2412' is already in a SceneGraph!.
t2dSceneGraph::addToScene() - Object '2413' is already in a SceneGraph!.
t2dSceneGraph::addToScene() - Object '2414' is already in a SceneGraph!.
t2dSceneGraph::addToScene() - Object '2415' is already in a SceneGraph!.
t2dSceneGraph::addToScene() - Object '2416' is already in a SceneGraph!.
t2dSceneGraph::addToScene() - Object '2417' is already in a SceneGraph!.
t2dSceneGraph::addToScene() - Object '2418' is already in a SceneGraph!.
t2dSceneGraph::addToScene() - Object '2419' is already in a SceneGraph!.
t2dSceneGraph::addToScene() - Object '2420' is already in a SceneGraph!.
t2dSceneGraph::addToScene() - Object '2421' is already in a SceneGraph!.
t2dSceneGraph::addToScene() - Object '2422' is already in a SceneGraph!.
t2dSceneGraph::addToScene() - Object '2423' is already in a SceneGraph!.
t2dSceneGraph::addToScene() - Object '2424' is already in a SceneGraph!.
t2dSceneGraph::addToScene() - Object '2425' is already in a SceneGraph!.
t2dSceneGraph::addToScene() - Object '2426' is already in a SceneGraph!.
t2dSceneGraph::addToScene() - Object '2427' is already in a SceneGraph!.
t2dSceneGraph::addToScene() - Object '2428' is already in a SceneGraph!.
t2dSceneGraph::addToScene() - Object '2429' is already in a SceneGraph!.
t2dSceneGraph::addToScene() - Object '2430' is already in a SceneGraph!.
t2dSceneGraph::addToScene() - Object '2431' is already in a SceneGraph!.
t2dSceneGraph::addToScene() - Object '2432' is already in a SceneGraph!.
t2dSceneGraph::addToScene() - Object '2433' is already in a SceneGraph!.
t2dSceneGraph::addToScene() - Object '2434' is already in a SceneGraph!.
t2dSceneGraph::addToScene() - Object '2435' is already in a SceneGraph!.
t2dSceneGraph::addToScene() - Object '2436' is already in a SceneGraph!.
t2dSceneGraph::addToScene() - Object '2437' is already in a SceneGraph!.
t2dSceneGraph::addToScene() - Object '2438' is already in a SceneGraph!.
t2dSceneGraph::addToScene() - Object '2439' is already in a SceneGraph!.
t2dSceneGraph::addToScene() - Object '2440' is already in a SceneGraph!.
t2dSceneGraph::addToScene() - Object '2441' is already in a SceneGraph!.
t2dSceneGraph::addToScene() - Object '2442' is already in a SceneGraph!.
t2dSceneGraph::addToScene() - Object '2443' is already in a SceneGraph!.
t2dSceneGraph::addToScene() - Object '2444' is already in a SceneGraph!.
t2dSceneGraph::addToScene() - Object '2445' is already in a SceneGraph!.
t2dSceneGraph::addToScene() - Object '2446' is already in a SceneGraph!.
t2dSceneGraph::addToScene() - Object '2447' is already in a SceneGraph!.
t2dSceneGraph::addToScene() - Object '2448' is already in a SceneGraph!.
t2dSceneGraph::addToScene() - Object '2449' is already in a SceneGraph!.
t2dSceneGraph::addToScene() - Object '2450' is already in a SceneGraph!.
t2dSceneGraph::addToScene() - Object '2451' is already in a SceneGraph!.
t2dSceneGraph::addToScene() - Object '2452' is already in a SceneGraph!.
t2dSceneGraph::addToScene() - Object '2453' is already in a SceneGraph!.
t2dSceneGraph::addToScene() - Object '2454' is already in a SceneGraph!.
t2dSceneGraph::addToScene() - Object '2455' is already in a SceneGraph!.
t2dSceneGraph::addToScene() - Object '2456' is already in a SceneGraph!.
t2dSceneGraph::addToScene() - Object '2457' is already in a SceneGraph!.
t2dSceneGraph::addToScene() - Object '2458' is already in a SceneGraph!.
t2dSceneGraph::addToScene() - Object '2459' is already in a SceneGraph!.
Compiling G:/FunCode/Games/Zombie/Bin/game/data/levels/win.t2d...
Loading compiled script G:/FunCode/Games/Zombie/Bin/game/data/levels/win.t2d.
Compiling G:/FunCode/Games/Zombie/Bin/game/data/levels/start.t2d...
Loading compiled script G:/FunCode/Games/Zombie/Bin/game/data/levels/start.t2d.
